1 -> 2
7
2 -> 2
8
15 -> 3
15 -> 4
15 -> 5
15 -> 6
15 -> 7
15 -> 8
15 -> 9
15 -> 10
15 -> 11
15 -> 12
15 -> 13
15 -> 14
15 -> 15
15 -> 16
15 -> 17
15 -> 18
15 -> 19
15 -> 20
15 -> 21
15 -> 22
77
19 -> 3
19 -> 4
19 -> 5
19 -> 6
19 -> 7
19 -> 8
19 -> 9
19 -> 10
19 -> 11
19 -> 12
19 -> 13
19 -> 14
19 -> 15
19 -> 16
19 -> 17
19 -> 18
19 -> 19
19 -> 20
19 -> 21
19 -> 22
19 -> 23
19 -> 24
84
24 -> 3
24 -> 4
24 -> 5
24 -> 6
24 -> 7
24 -> 8
24 -> 9
24 -> 10
24 -> 11
24 -> 12
24 -> 13
24 -> 14
24 -> 15
24 -> 16
24 -> 17
24 -> 18
24 -> 19
24 -> 20
24 -> 21
24 -> 22
24 -> 23
81
25 -> 3
25 -> 4
25 -> 5
25 -> 6
25 -> 7
25 -> 8
25 -> 9
25 -> 10
25 -> 11
25 -> 12
25 -> 13
25 -> 14
25 -> 15
25 -> 16
25 -> 17
25 -> 18
25 -> 19
25 -> 20
25 -> 21
25 -> 22
25 -> 23
25 -> 24
25 -> 25
25 -> 26
25 -> 27
25 -> 28
25 -> 29
101
29 -> 3
29 -> 4
29 -> 5
29 -> 6
29 -> 7
29 -> 8
29 -> 9
29 -> 10
29 -> 11
29 -> 12
29 -> 13
29 -> 14
29 -> 15
29 -> 16
29 -> 17
29 -> 18
29 -> 19
68
30 -> 3
30 -> 4
30 -> 5
30 -> 6
30 -> 7
30 -> 8
30 -> 9
30 -> 10
30 -> 11
30 -> 12
30 -> 13
30 -> 14
30 -> 15
30 -> 16
30 -> 17
30 -> 18
30 -> 19
30 -> 20
30 -> 21
30 -> 22
78
31 -> 3
31 -> 4
31 -> 5
31 -> 6
31 -> 7
31 -> 8
31 -> 9
31 -> 10
31 -> 11
31 -> 12
31 -> 13
31 -> 14
31 -> 15
31 -> 16
31 -> 17
31 -> 18
31 -> 19
31 -> 20
31 -> 21
31 -> 22
31 -> 23
31 -> 24
31 -> 25
31 -> 26
31 -> 27
31 -> 28
98
37 -> 3
37 -> 4
37 -> 5
37 -> 6
37 -> 7
37 -> 8
37 -> 9
37 -> 10
37 -> 11
37 -> 12
37 -> 13
37 -> 14
37 -> 15
37 -> 16
37 -> 17
37 -> 18
37 -> 19
37 -> 20
37 -> 21
75
38 -> 3
38 -> 4
38 -> 5
38 -> 6
38 -> 7
38 -> 8
38 -> 9
38 -> 10
38 -> 11
38 -> 12
38 -> 13
38 -> 14
38 -> 15
38 -> 16
38 -> 17
38 -> 18
38 -> 19
38 -> 20
38 -> 21
38 -> 22
38 -> 23
38 -> 24
85
39 -> 3
39 -> 4
39 -> 5
39 -> 6
39 -> 7
39 -> 8
39 -> 9
39 -> 10
39 -> 11
39 -> 12
39 -> 13
39 -> 14
39 -> 15
39 -> 16
39 -> 17
39 -> 18
39 -> 19
39 -> 20
39 -> 21
39 -> 22
39 -> 23
39 -> 24
39 -> 25
39 -> 26
39 -> 27
95
40 -> 3
40 -> 4
40 -> 5
40 -> 6
40 -> 7
40 -> 8
40 -> 9
40 -> 10
40 -> 11
40 -> 12
40 -> 13
40 -> 14
40 -> 15
40 -> 16
40 -> 17
40 -> 18
40 -> 19
40 -> 20
40 -> 21
40 -> 22
40 -> 23
40 -> 24
40 -> 25
40 -> 26
40 -> 27
40 -> 28
40 -> 29
40 -> 30
105
44 -> 3
44 -> 4
44 -> 5
44 -> 6
44 -> 7
44 -> 8
44 -> 9
44 -> 10
44 -> 11
44 -> 12
44 -> 13
44 -> 14
44 -> 15
44 -> 16
44 -> 17
44 -> 18
44 -> 19
44 -> 20
44 -> 21
44 -> 22
44 -> 23
44 -> 24
44 -> 25
44 -> 26
44 -> 27
44 -> 28
44 -> 29
44 -> 30
44 -> 31
44 -> 32
44 -> 33
44 -> 34
44 -> 35
44 -> 36
44 -> 37
44 -> 38
44 -> 39
44 -> 40
44 -> 41
44 -> 42
145
47 -> 3
47 -> 4
47 -> 5
47 -> 6
47 -> 7
47 -> 8
47 -> 9
47 -> 10
47 -> 11
47 -> 12
47 -> 13
47 -> 14
47 -> 15
47 -> 16
47 -> 17
47 -> 18
47 -> 19
47 -> 20
72
48 -> 3
48 -> 4
48 -> 5
48 -> 6
48 -> 7
48 -> 8
48 -> 9
48 -> 10
48 -> 11
48 -> 12
48 -> 13
48 -> 14
48 -> 15
48 -> 16
48 -> 17
48 -> 18
48 -> 19
48 -> 20
48 -> 21
48 -> 22
48 -> 23
82
49 -> 3
49 -> 4
49 -> 5
49 -> 6
49 -> 7
49 -> 8
49 -> 9
49 -> 10
49 -> 11
49 -> 12
49 -> 13
49 -> 14
49 -> 15
49 -> 16
49 -> 17
49 -> 18
49 -> 19
49 -> 20
49 -> 21
49 -> 22
49 -> 23
49 -> 24
49 -> 25
49 -> 26
92
50 -> 3
50 -> 4
50 -> 5
50 -> 6
50 -> 7
50 -> 8
50 -> 9
50 -> 10
50 -> 11
50 -> 12
50 -> 13
50 -> 14
50 -> 15
50 -> 16
50 -> 17
50 -> 18
50 -> 19
50 -> 20
50 -> 21
50 -> 22
50 -> 23
50 -> 24
50 -> 25
50 -> 26
50 -> 27
50 -> 28
50 -> 29
102
51 -> 3
51 -> 4
51 -> 5
51 -> 6
51 -> 7
51 -> 8
51 -> 9
51 -> 10
51 -> 11
51 -> 12
51 -> 13
51 -> 14
51 -> 15
51 -> 16
51 -> 17
51 -> 18
51 -> 19
51 -> 20
51 -> 21
51 -> 22
51 -> 23
51 -> 24
51 -> 25
51 -> 26
51 -> 27
51 -> 28
51 -> 29
51 -> 30
51 -> 31
51 -> 32
112
55 -> 3
55 -> 4
55 -> 5
55 -> 6
55 -> 7
55 -> 8
55 -> 9
55 -> 10
55 -> 11
55 -> 12
55 -> 13
55 -> 14
55 -> 15
55 -> 16
55 -> 17
55 -> 18
55 -> 19
55 -> 20
55 -> 21
55 -> 22
55 -> 23
55 -> 24
55 -> 25
55 -> 26
55 -> 27
55 -> 28
55 -> 29
55 -> 30
55 -> 31
55 -> 32
55 -> 33
55 -> 34
55 -> 35
55 -> 36
55 -> 37
55 -> 38
55 -> 39
55 -> 40
55 -> 41
142
58 -> 3
58 -> 4
58 -> 5
58 -> 6
58 -> 7
58 -> 8
58 -> 9
58 -> 10
58 -> 11
58 -> 12
58 -> 13
58 -> 14
58 -> 15
58 -> 16
58 -> 17
58 -> 18
58 -> 19
58 -> 20
58 -> 21
58 -> 22
58 -> 23
58 -> 24
58 -> 25
58 -> 26
58 -> 27
58 -> 28
58 -> 29
58 -> 30
58 -> 31
58 -> 32
58 -> 33
58 -> 34
58 -> 35
58 -> 36
58 -> 37
58 -> 38
58 -> 39
58 -> 40
58 -> 41
58 -> 42
58 -> 43
58 -> 44
58 -> 45
58 -> 46
58 -> 47
162
59 -> 3
59 -> 4
59 -> 5
59 -> 6
59 -> 7
59 -> 8
59 -> 9
59 -> 10
59 -> 11
59 -> 12
59 -> 13
59 -> 14
59 -> 15
59 -> 16
59 -> 17
59 -> 18
59 -> 19
69
60 -> 3
60 -> 4
60 -> 5
60 -> 6
60 -> 7
60 -> 8
60 -> 9
60 -> 10
60 -> 11
60 -> 12
60 -> 13
60 -> 14
60 -> 15
60 -> 16
60 -> 17
60 -> 18
60 -> 19
60 -> 20
60 -> 21
60 -> 22
79
61 -> 3
61 -> 4
61 -> 5
61 -> 6
61 -> 7
61 -> 8
61 -> 9
61 -> 10
61 -> 11
61 -> 12
61 -> 13
61 -> 14
61 -> 15
61 -> 16
61 -> 17
61 -> 18
61 -> 19
61 -> 20
61 -> 21
61 -> 22
61 -> 23
61 -> 24
61 -> 25
89
62 -> 3
62 -> 4
62 -> 5
62 -> 6
62 -> 7
62 -> 8
62 -> 9
62 -> 10
62 -> 11
62 -> 12
62 -> 13
62 -> 14
62 -> 15
62 -> 16
62 -> 17
62 -> 18
62 -> 19
62 -> 20
62 -> 21
62 -> 22
62 -> 23
62 -> 24
62 -> 25
62 -> 26
62 -> 27
62 -> 28
62 -> 29
62 -> 30
62 -> 31
62 -> 32
62 -> 33
62 -> 34
62 -> 35
62 -> 36
62 -> 37
62 -> 38
62 -> 39
62 -> 40
62 -> 41
62 -> 42
62 -> 43
62 -> 44
62 -> 45
62 -> 46
62 -> 47
62 -> 48
62 -> 49
62 -> 50
62 -> 51
62 -> 52
62 -> 53
62 -> 54
62 -> 55
62 -> 56
192
63 -> 3
63 -> 4
63 -> 5
63 -> 6
63 -> 7
63 -> 8
63 -> 9
63 -> 10
63 -> 11
63 -> 12
63 -> 13
63 -> 14
63 -> 15
63 -> 16
63 -> 17
63 -> 18
63 -> 19
63 -> 20
63 -> 21
63 -> 22
63 -> 23
63 -> 24
63 -> 25
63 -> 26
63 -> 27
63 -> 28
99
64 -> 3
64 -> 4
64 -> 5
64 -> 6
64 -> 7
64 -> 8
64 -> 9
64 -> 10
64 -> 11
64 -> 12
64 -> 13
64 -> 14
64 -> 15
64 -> 16
64 -> 17
64 -> 18
64 -> 19
64 -> 20
64 -> 21
64 -> 22
64 -> 23
64 -> 24
64 -> 25
64 -> 26
64 -> 27
64 -> 28
64 -> 29
64 -> 30
64 -> 31
109
73 -> 3
73 -> 4
73 -> 5
73 -> 6
73 -> 7
73 -> 8
73 -> 9
73 -> 10
73 -> 11
73 -> 12
73 -> 13
73 -> 14
73 -> 15
73 -> 16
73 -> 17
73 -> 18
66
74 -> 3
74 -> 4
74 -> 5
74 -> 6
74 -> 7
74 -> 8
74 -> 9
74 -> 10
74 -> 11
74 -> 12
74 -> 13
74 -> 14
74 -> 15
74 -> 16
74 -> 17
74 -> 18
74 -> 19
74 -> 20
74 -> 21
74 -> 22
74 -> 23
74 -> 24
74 -> 25
74 -> 26
74 -> 27
74 -> 28
74 -> 29
74 -> 30
74 -> 31
74 -> 32
74 -> 33
74 -> 34
74 -> 35
74 -> 36
74 -> 37
74 -> 38
74 -> 39
74 -> 40
74 -> 41
74 -> 42
74 -> 43
74 -> 44
74 -> 45
74 -> 46
74 -> 47
74 -> 48
74 -> 49
169
75 -> 3
75 -> 4
75 -> 5
75 -> 6
75 -> 7
75 -> 8
75 -> 9
75 -> 10
75 -> 11
75 -> 12
75 -> 13
75 -> 14
75 -> 15
75 -> 16
75 -> 17
75 -> 18
75 -> 19
75 -> 20
75 -> 21
76
76 -> 3
76 -> 4
76 -> 5
76 -> 6
76 -> 7
76 -> 8
76 -> 9
76 -> 10
76 -> 11
76 -> 12
76 -> 13
76 -> 14
76 -> 15
76 -> 16
76 -> 17
76 -> 18
76 -> 19
76 -> 20
76 -> 21
76 -> 22
76 -> 23
76 -> 24
76 -> 25
76 -> 26
76 -> 27
76 -> 28
76 -> 29
76 -> 30
76 -> 31
76 -> 32
76 -> 33
76 -> 34
76 -> 35
76 -> 36
76 -> 37
76 -> 38
76 -> 39
76 -> 40
76 -> 41
76 -> 42
76 -> 43
76 -> 44
76 -> 45
76 -> 46
76 -> 47
76 -> 48
76 -> 49
76 -> 50
76 -> 51
76 -> 52
179
77 -> 3
77 -> 4
77 -> 5
77 -> 6
77 -> 7
77 -> 8
77 -> 9
77 -> 10
77 -> 11
77 -> 12
77 -> 13
77 -> 14
77 -> 15
77 -> 16
77 -> 17
77 -> 18
77 -> 19
77 -> 20
77 -> 21
77 -> 22
77 -> 23
77 -> 24
86
78 -> 3
78 -> 4
78 -> 5
78 -> 6
78 -> 7
78 -> 8
78 -> 9
78 -> 10
78 -> 11
78 -> 12
78 -> 13
78 -> 14
78 -> 15
78 -> 16
78 -> 17
78 -> 18
78 -> 19
78 -> 20
78 -> 21
78 -> 22
78 -> 23
78 -> 24
78 -> 25
78 -> 26
78 -> 27
78 -> 28
78 -> 29
78 -> 30
78 -> 31
78 -> 32
78 -> 33
78 -> 34
78 -> 35
78 -> 36
78 -> 37
78 -> 38
78 -> 39
78 -> 40
78 -> 41
78 -> 42
78 -> 43
78 -> 44
78 -> 45
78 -> 46
78 -> 47
78 -> 48
78 -> 49
78 -> 50
78 -> 51
78 -> 52
78 -> 53
78 -> 54
78 -> 55
189
79 -> 3
79 -> 4
79 -> 5
79 -> 6
79 -> 7
79 -> 8
79 -> 9
79 -> 10
79 -> 11
79 -> 12
79 -> 13
79 -> 14
79 -> 15
79 -> 16
79 -> 17
79 -> 18
79 -> 19
79 -> 20
79 -> 21
79 -> 22
79 -> 23
79 -> 24
79 -> 25
79 -> 26
79 -> 27
96
80 -> 3
80 -> 4
80 -> 5
80 -> 6
80 -> 7
80 -> 8
80 -> 9
80 -> 10
80 -> 11
80 -> 12
80 -> 13
80 -> 14
80 -> 15
80 -> 16
80 -> 17
80 -> 18
80 -> 19
80 -> 20
80 -> 21
80 -> 22
80 -> 23
80 -> 24
80 -> 25
80 -> 26
80 -> 27
80 -> 28
80 -> 29
80 -> 30
80 -> 31
80 -> 32
80 -> 33
80 -> 34
80 -> 35
80 -> 36
80 -> 37
80 -> 38
80 -> 39
80 -> 40
80 -> 41
80 -> 42
80 -> 43
80 -> 44
80 -> 45
80 -> 46
80 -> 47
80 -> 48
80 -> 49
80 -> 50
80 -> 51
80 -> 52
80 -> 53
80 -> 54
80 -> 55
80 -> 56
80 -> 57
80 -> 58
199
84 -> 3
84 -> 4
84 -> 5
84 -> 6
84 -> 7
84 -> 8
84 -> 9
84 -> 10
84 -> 11
84 -> 12
84 -> 13
84 -> 14
84 -> 15
84 -> 16
84 -> 17
84 -> 18
84 -> 19
84 -> 20
84 -> 21
84 -> 22
84 -> 23
84 -> 24
84 -> 25
84 -> 26
84 -> 27
84 -> 28
84 -> 29
84 -> 30
84 -> 31
84 -> 32
84 -> 33
84 -> 34
84 -> 35
84 -> 36
84 -> 37
84 -> 38
84 -> 39
84 -> 40
84 -> 41
84 -> 42
84 -> 43
84 -> 44
84 -> 45
84 -> 46
84 -> 47
84 -> 48
84 -> 49
84 -> 50
84 -> 51
84 -> 52
84 -> 53
84 -> 54
84 -> 55
84 -> 56
84 -> 57
84 -> 58
84 -> 59
84 -> 60
84 -> 61
84 -> 62
84 -> 63
84 -> 64
219
86 -> 3
86 -> 4
86 -> 5
86 -> 6
86 -> 7
86 -> 8
86 -> 9
86 -> 10
86 -> 11
86 -> 12
86 -> 13
86 -> 14
86 -> 15
86 -> 16
86 -> 17
86 -> 18
86 -> 19
86 -> 20
86 -> 21
86 -> 22
86 -> 23
86 -> 24
86 -> 25
86 -> 26
86 -> 27
86 -> 28
86 -> 29
86 -> 30
86 -> 31
86 -> 32
86 -> 33
86 -> 34
86 -> 35
86 -> 36
86 -> 37
86 -> 38
86 -> 39
86 -> 40
86 -> 41
86 -> 42
86 -> 43
86 -> 44
86 -> 45
86 -> 46
86 -> 47
86 -> 48
86 -> 49
86 -> 50
86 -> 51
86 -> 52
86 -> 53
86 -> 54
86 -> 55
86 -> 56
86 -> 57
86 -> 58
86 -> 59
86 -> 60
86 -> 61
86 -> 62
86 -> 63
86 -> 64
86 -> 65
86 -> 66
86 -> 67
229
88 -> 3
88 -> 4
88 -> 5
88 -> 6
88 -> 7
88 -> 8
88 -> 9
88 -> 10
88 -> 11
88 -> 12
88 -> 13
88 -> 14
88 -> 15
88 -> 16
88 -> 17
88 -> 18
88 -> 19
88 -> 20
88 -> 21
88 -> 22
88 -> 23
88 -> 24
88 -> 25
88 -> 26
88 -> 27
88 -> 28
88 -> 29
88 -> 30
88 -> 31
88 -> 32
88 -> 33
88 -> 34
88 -> 35
88 -> 36
88 -> 37
88 -> 38
88 -> 39
88 -> 40
88 -> 41
88 -> 42
88 -> 43
88 -> 44
88 -> 45
88 -> 46
88 -> 47
88 -> 48
88 -> 49
88 -> 50
88 -> 51
88 -> 52
88 -> 53
88 -> 54
88 -> 55
88 -> 56
88 -> 57
88 -> 58
88 -> 59
88 -> 60
88 -> 61
88 -> 62
88 -> 63
88 -> 64
88 -> 65
88 -> 66
88 -> 67
88 -> 68
88 -> 69
88 -> 70
239
89 -> 3
89 -> 4
89 -> 5
89 -> 6
89 -> 7
89 -> 8
89 -> 9
89 -> 10
89 -> 11
89 -> 12
89 -> 13
89 -> 14
89 -> 15
89 -> 16
89 -> 17
89 -> 18
89 -> 19
89 -> 20
89 -> 21
89 -> 22
89 -> 23
89 -> 24
89 -> 25
89 -> 26
89 -> 27
89 -> 28
89 -> 29
89 -> 30
89 -> 31
89 -> 32
89 -> 33
89 -> 34
89 -> 35
89 -> 36
89 -> 37
89 -> 38
89 -> 39
89 -> 40
89 -> 41
89 -> 42
146
91 -> 3
91 -> 4
91 -> 5
91 -> 6
91 -> 7
91 -> 8
91 -> 9
91 -> 10
91 -> 11
91 -> 12
91 -> 13
91 -> 14
91 -> 15
91 -> 16
91 -> 17
91 -> 18
91 -> 19
91 -> 20
91 -> 21
91 -> 22
91 -> 23
91 -> 24
91 -> 25
91 -> 26
91 -> 27
91 -> 28
91 -> 29
91 -> 30
91 -> 31
91 -> 32
91 -> 33
91 -> 34
91 -> 35
91 -> 36
91 -> 37
91 -> 38
91 -> 39
91 -> 40
91 -> 41
91 -> 42
91 -> 43
91 -> 44
91 -> 45
156
93 -> 3
93 -> 4
93 -> 5
93 -> 6
93 -> 7
93 -> 8
93 -> 9
93 -> 10
93 -> 11
93 -> 12
93 -> 13
93 -> 14
93 -> 15
93 -> 16
93 -> 17
93 -> 18
93 -> 19
93 -> 20
93 -> 21
93 -> 22
93 -> 23
93 -> 24
93 -> 25
93 -> 26
93 -> 27
93 -> 28
93 -> 29
93 -> 30
93 -> 31
93 -> 32
93 -> 33
93 -> 34
93 -> 35
93 -> 36
93 -> 37
93 -> 38
93 -> 39
93 -> 40
93 -> 41
93 -> 42
93 -> 43
93 -> 44
93 -> 45
93 -> 46
93 -> 47
93 -> 48
166
94 -> 3
94 -> 4
94 -> 5
94 -> 6
94 -> 7
94 -> 8
94 -> 9
94 -> 10
94 -> 11
94 -> 12
94 -> 13
94 -> 14
94 -> 15
94 -> 16
94 -> 17
94 -> 18
94 -> 19
94 -> 20
73
95 -> 3
95 -> 4
95 -> 5
95 -> 6
95 -> 7
95 -> 8
95 -> 9
95 -> 10
95 -> 11
95 -> 12
95 -> 13
95 -> 14
95 -> 15
95 -> 16
95 -> 17
95 -> 18
95 -> 19
95 -> 20
95 -> 21
95 -> 22
95 -> 23
95 -> 24
95 -> 25
95 -> 26
95 -> 27
95 -> 28
95 -> 29
95 -> 30
95 -> 31
95 -> 32
95 -> 33
95 -> 34
95 -> 35
95 -> 36
95 -> 37
95 -> 38
95 -> 39
95 -> 40
95 -> 41
95 -> 42
95 -> 43
95 -> 44
95 -> 45
95 -> 46
95 -> 47
95 -> 48
95 -> 49
95 -> 50
95 -> 51
176
96 -> 3
96 -> 4
96 -> 5
96 -> 6
96 -> 7
96 -> 8
96 -> 9
96 -> 10
96 -> 11
96 -> 12
96 -> 13
96 -> 14
96 -> 15
96 -> 16
96 -> 17
96 -> 18
96 -> 19
96 -> 20
96 -> 21
96 -> 22
96 -> 23
83
97 -> 3
97 -> 4
97 -> 5
97 -> 6
97 -> 7
97 -> 8
97 -> 9
97 -> 10
97 -> 11
97 -> 12
97 -> 13
97 -> 14
97 -> 15
97 -> 16
97 -> 17
97 -> 18
97 -> 19
97 -> 20
97 -> 21
97 -> 22
97 -> 23
97 -> 24
97 -> 25
97 -> 26
97 -> 27
97 -> 28
97 -> 29
97 -> 30
97 -> 31
97 -> 32
97 -> 33
97 -> 34
97 -> 35
97 -> 36
97 -> 37
97 -> 38
97 -> 39
97 -> 40
97 -> 41
97 -> 42
97 -> 43
97 -> 44
97 -> 45
97 -> 46
97 -> 47
97 -> 48
97 -> 49
97 -> 50
97 -> 51
97 -> 52
97 -> 53
97 -> 54
97 -> 55
97 -> 56
97 -> 57
97 -> 58
97 -> 59
97 -> 60
97 -> 61
97 -> 62
97 -> 63
97 -> 64
97 -> 65
97 -> 66
97 -> 67
97 -> 68
97 -> 69
97 -> 70
97 -> 71
97 -> 72
97 -> 73
97 -> 74
97 -> 75
97 -> 76
97 -> 77
97 -> 78
97 -> 79
97 -> 80
97 -> 81
97 -> 82
279
98 -> 3
98 -> 4
98 -> 5
98 -> 6
98 -> 7
98 -> 8
98 -> 9
98 -> 10
98 -> 11
98 -> 12
98 -> 13
98 -> 14
98 -> 15
98 -> 16
98 -> 17
98 -> 18
98 -> 19
98 -> 20
98 -> 21
98 -> 22
98 -> 23
98 -> 24
98 -> 25
98 -> 26
98 -> 27
98 -> 28
98 -> 29
98 -> 30
98 -> 31
98 -> 32
98 -> 33
98 -> 34
98 -> 35
98 -> 36
98 -> 37
98 -> 38
98 -> 39
98 -> 40
98 -> 41
98 -> 42
98 -> 43
98 -> 44
98 -> 45
98 -> 46
98 -> 47
98 -> 48
98 -> 49
98 -> 50
98 -> 51
98 -> 52
98 -> 53
98 -> 54
186
99 -> 3
99 -> 4
99 -> 5
99 -> 6
99 -> 7
99 -> 8
99 -> 9
99 -> 10
99 -> 11
99 -> 12
99 -> 13
99 -> 14
99 -> 15
99 -> 16
99 -> 17
99 -> 18
99 -> 19
99 -> 20
99 -> 21
99 -> 22
99 -> 23
99 -> 24
99 -> 25
99 -> 26
93
100 -> 4
100 -> 5
100 -> 6
100 -> 7
100 -> 8
100 -> 9
100 -> 10
100 -> 11
100 -> 12
100 -> 13
100 -> 14
100 -> 15
100 -> 16
100 -> 17
100 -> 18
100 -> 19
100 -> 20
100 -> 21
100 -> 22
100 -> 23
100 -> 24
100 -> 25
100 -> 26
100 -> 27
100 -> 28
100 -> 29
100 -> 30
100 -> 31
100 -> 32
100 -> 33
100 -> 34
100 -> 35
100 -> 36
100 -> 37
100 -> 38
100 -> 39
100 -> 40
100 -> 41
100 -> 42
100 -> 43
100 -> 44
100 -> 45
100 -> 46
100 -> 47
100 -> 48
100 -> 49
100 -> 50
100 -> 51
100 -> 52
100 -> 53
100 -> 54
100 -> 55
100 -> 56
100 -> 57
196
101 -> 4
101 -> 5
101 -> 6
101 -> 7
101 -> 8
101 -> 9
101 -> 10
101 -> 11
101 -> 12
101 -> 13
101 -> 14
101 -> 15
101 -> 16
101 -> 17
101 -> 18
101 -> 19
101 -> 20
101 -> 21
101 -> 22
101 -> 23
101 -> 24
101 -> 25
101 -> 26
101 -> 27
101 -> 28
101 -> 29
103
102 -> 4
102 -> 5
102 -> 6
102 -> 7
102 -> 8
102 -> 9
102 -> 10
102 -> 11
102 -> 12
102 -> 13
102 -> 14
102 -> 15
102 -> 16
102 -> 17
102 -> 18
102 -> 19
102 -> 20
102 -> 21
102 -> 22
102 -> 23
102 -> 24
102 -> 25
102 -> 26
102 -> 27
102 -> 28
102 -> 29
102 -> 30
102 -> 31
102 -> 32
102 -> 33
102 -> 34
102 -> 35
102 -> 36
102 -> 37
102 -> 38
102 -> 39
102 -> 40
102 -> 41
102 -> 42
102 -> 43
102 -> 44
102 -> 45
102 -> 46
102 -> 47
102 -> 48
102 -> 49
102 -> 50
102 -> 51
102 -> 52
102 -> 53
102 -> 54
102 -> 55
102 -> 56
102 -> 57
102 -> 58
102 -> 59
102 -> 60
206
103 -> 4
103 -> 5
103 -> 6
103 -> 7
103 -> 8
103 -> 9
103 -> 10
103 -> 11
103 -> 12
103 -> 13
103 -> 14
103 -> 15
103 -> 16
103 -> 17
103 -> 18
103 -> 19
103 -> 20
103 -> 21
103 -> 22
103 -> 23
103 -> 24
103 -> 25
103 -> 26
103 -> 27
103 -> 28
103 -> 29
103 -> 30
103 -> 31
103 -> 32
113
900 -> 4
900 -> 5
900 -> 6
900 -> 7
900 -> 8
900 -> 9
900 -> 10
900 -> 11
900 -> 12
900 -> 13
53
999 -> 4
999 -> 5
999 -> 6
999 -> 7
999 -> 8
999 -> 9
999 -> 10
999 -> 11
999 -> 12
999 -> 13
999 -> 14
999 -> 15
999 -> 16
999 -> 17
999 -> 18
999 -> 19
999 -> 20
999 -> 21
999 -> 22
999 -> 23
999 -> 24
999 -> 25
999 -> 26
999 -> 27
999 -> 28
999 -> 29
999 -> 30
999 -> 31
999 -> 32
999 -> 33
999 -> 34
999 -> 35
999 -> 36
999 -> 37
999 -> 38
999 -> 39
999 -> 40
999 -> 41
999 -> 42
999 -> 43
999 -> 44
999 -> 45
999 -> 46
999 -> 47
999 -> 48
999 -> 49
999 -> 50
999 -> 51
999 -> 52
999 -> 53
999 -> 54
999 -> 55
999 -> 56
999 -> 57
999 -> 58
999 -> 59
999 -> 60
999 -> 61
999 -> 62
999 -> 63
999 -> 64
999 -> 65
999 -> 66
999 -> 67
999 -> 68
999 -> 69
999 -> 70
999 -> 71
999 -> 72
999 -> 73
999 -> 74
999 -> 75
999 -> 76
999 -> 77
999 -> 78
999 -> 79
999 -> 80
999 -> 81
999 -> 82
999 -> 83
999 -> 84
999 -> 85
999 -> 86
999 -> 87
999 -> 88
999 -> 89
999 -> 90
999 -> 91
999 -> 92
999 -> 93
999 -> 94
999 -> 95
999 -> 96
999 -> 97
999 -> 98
999 -> 99
999 -> 100
999 -> 101
999 -> 102
999 -> 103
999 -> 104
999 -> 105
999 -> 106
999 -> 107
999 -> 108
999 -> 109
999 -> 110
999 -> 111
999 -> 112
999 -> 113
999 -> 114
999 -> 115
999 -> 116
999 -> 117
999 -> 118
999 -> 119
999 -> 120
999 -> 121
999 -> 122
999 -> 123
999 -> 124
999 -> 125
999 -> 126
999 -> 127
999 -> 128
999 -> 129
999 -> 130
999 -> 131
999 -> 132
999 -> 133
999 -> 134
999 -> 135
999 -> 136
999 -> 137
999 -> 138
999 -> 139
999 -> 140
999 -> 141
999 -> 142
999 -> 143
999 -> 144
999 -> 145
999 -> 146
999 -> 147
999 -> 148
999 -> 149
999 -> 150
999 -> 151
999 -> 152
999 -> 153
999 -> 154
999 -> 155
999 -> 156
999 -> 157
999 -> 158
999 -> 159
999 -> 160
999 -> 161
999 -> 162
999 -> 163
999 -> 164
999 -> 165
999 -> 166
999 -> 167
999 -> 168
999 -> 169
999 -> 170
999 -> 171
999 -> 172
999 -> 173
999 -> 174
999 -> 175
999 -> 176
999 -> 177
999 -> 178
999 -> 179
999 -> 180
999 -> 181
999 -> 182
999 -> 183
999 -> 184
999 -> 185
999 -> 186
999 -> 187
999 -> 188
999 -> 189
999 -> 190
999 -> 191
999 -> 192
999 -> 193
999 -> 194
999 -> 195
999 -> 196
999 -> 197
999 -> 198
999 -> 199
999 -> 200
999 -> 201
999 -> 202
999 -> 203
999 -> 204
999 -> 205
999 -> 206
999 -> 207
999 -> 208
999 -> 209
999 -> 210
999 -> 211
999 -> 212
999 -> 213
999 -> 214
999 -> 215
999 -> 216
999 -> 217
999 -> 218
999 -> 219
999 -> 220
999 -> 221
999 -> 222
999 -> 223
999 -> 224
999 -> 225
999 -> 226
999 -> 227
999 -> 228
999 -> 229
999 -> 230
999 -> 231
999 -> 232
999 -> 233
999 -> 234
999 -> 235
999 -> 236
999 -> 237
999 -> 238
999 -> 239
999 -> 240
999 -> 241
999 -> 242
999 -> 243
999 -> 244
999 -> 245
999 -> 246
999 -> 247
999 -> 248
999 -> 249
999 -> 250
999 -> 251
999 -> 252
999 -> 253
999 -> 254
999 -> 255
999 -> 256
999 -> 257
999 -> 258
999 -> 259
999 -> 260
999 -> 261
999 -> 262
999 -> 263
999 -> 264
999 -> 265
999 -> 266
999 -> 267
999 -> 268
999 -> 269
999 -> 270
999 -> 271
999 -> 272
999 -> 273
999 -> 274
999 -> 275
999 -> 276
999 -> 277
999 -> 278
999 -> 279
999 -> 280
999 -> 281
999 -> 282
999 -> 283
999 -> 284
999 -> 285
999 -> 286
999 -> 287
999 -> 288
999 -> 289
999 -> 290
999 -> 291
999 -> 292
999 -> 293
999 -> 294
999 -> 295
999 -> 296
999 -> 297
999 -> 298
999 -> 299
999 -> 300
999 -> 301
999 -> 302
999 -> 303
999 -> 304
999 -> 305
999 -> 306
999 -> 307
999 -> 308
999 -> 309
999 -> 310
999 -> 311
999 -> 312
999 -> 313
999 -> 314
999 -> 315
999 -> 316
999 -> 317
999 -> 318
999 -> 319
999 -> 320
999 -> 321
999 -> 322
999 -> 323
999 -> 324
999 -> 325
999 -> 326
999 -> 327
999 -> 328
999 -> 329
999 -> 330
999 -> 331
999 -> 332
999 -> 333
999 -> 334
999 -> 335
999 -> 336
999 -> 337
999 -> 338
999 -> 339
999 -> 340
999 -> 341
999 -> 342
999 -> 343
999 -> 344
999 -> 345
999 -> 346
999 -> 347
999 -> 348
999 -> 349
999 -> 350
999 -> 351
999 -> 352
999 -> 353
999 -> 354
999 -> 355
999 -> 356
999 -> 357
999 -> 358
999 -> 359
999 -> 360
999 -> 361
999 -> 362
999 -> 363
999 -> 364
999 -> 365
999 -> 366
999 -> 367
999 -> 368
999 -> 369
999 -> 370
999 -> 371
999 -> 372
999 -> 373
999 -> 374
999 -> 375
999 -> 376
999 -> 377
999 -> 378
999 -> 379
999 -> 380
999 -> 381
999 -> 382
999 -> 383
999 -> 384
999 -> 385
999 -> 386
999 -> 387
999 -> 388
999 -> 389
999 -> 390
999 -> 391
999 -> 392
999 -> 393
999 -> 394
999 -> 395
999 -> 396
999 -> 397
999 -> 398
999 -> 399
999 -> 400
999 -> 401
999 -> 402
999 -> 403
999 -> 404
999 -> 405
999 -> 406
999 -> 407
999 -> 408
999 -> 409
999 -> 410
999 -> 411
999 -> 412
999 -> 413
999 -> 414
999 -> 415
999 -> 416
999 -> 417
999 -> 418
999 -> 419
999 -> 420
999 -> 421
999 -> 422
999 -> 423
999 -> 424
999 -> 425
999 -> 426
999 -> 427
999 -> 428
999 -> 429
999 -> 430
999 -> 431
999 -> 432
999 -> 433
999 -> 434
999 -> 435
999 -> 436
999 -> 437
999 -> 438
999 -> 439
999 -> 440
999 -> 441
999 -> 442
999 -> 443
999 -> 444
999 -> 445
999 -> 446
999 -> 447
999 -> 448
999 -> 449
999 -> 450
999 -> 451
999 -> 452
999 -> 453
999 -> 454
999 -> 455
999 -> 456
999 -> 457
999 -> 458
999 -> 459
999 -> 460
999 -> 461
999 -> 462
999 -> 463
999 -> 464
999 -> 465
999 -> 466
999 -> 467
999 -> 468
999 -> 469
999 -> 470
999 -> 471
999 -> 472
999 -> 473
999 -> 474
999 -> 475
999 -> 476
999 -> 477
999 -> 478
999 -> 479
999 -> 480
999 -> 481
999 -> 482
999 -> 483
999 -> 484
999 -> 485
999 -> 486
999 -> 487
999 -> 488
999 -> 489
999 -> 490
999 -> 491
999 -> 492
999 -> 493
999 -> 494
999 -> 495
999 -> 496
999 -> 497
999 -> 498
999 -> 499
999 -> 500
999 -> 501
999 -> 502
999 -> 503
999 -> 504
999 -> 505
999 -> 506
999 -> 507
999 -> 508
999 -> 509
999 -> 510
999 -> 511
999 -> 512
999 -> 513
999 -> 514
999 -> 515
999 -> 516
999 -> 517
999 -> 518
999 -> 519
999 -> 520
999 -> 521
999 -> 522
999 -> 523
999 -> 524
999 -> 525
999 -> 526
999 -> 527
999 -> 528
999 -> 529
999 -> 530
999 -> 531
999 -> 532
999 -> 533
999 -> 534
999 -> 535
999 -> 536
999 -> 537
999 -> 538
999 -> 539
999 -> 540
999 -> 541
999 -> 542
999 -> 543
999 -> 544
999 -> 545
999 -> 546
999 -> 547
999 -> 548
999 -> 549
999 -> 550
999 -> 551
999 -> 552
999 -> 553
999 -> 554
999 -> 555
999 -> 556
999 -> 557
999 -> 558
999 -> 559
999 -> 560
999 -> 561
999 -> 562
999 -> 563
999 -> 564
999 -> 565
999 -> 566
999 -> 567
999 -> 568
999 -> 569
999 -> 570
999 -> 571
999 -> 572
999 -> 573
999 -> 574
999 -> 575
999 -> 576
999 -> 577
999 -> 578
999 -> 579
999 -> 580
999 -> 581
999 -> 582
999 -> 583
999 -> 584
999 -> 585
999 -> 586
999 -> 587
999 -> 588
999 -> 589
999 -> 590
999 -> 591
999 -> 592
999 -> 593
999 -> 594
999 -> 595
999 -> 596
999 -> 597
999 -> 598
999 -> 599
999 -> 600
999 -> 601
999 -> 602
999 -> 603
999 -> 604
999 -> 605
999 -> 606
999 -> 607
999 -> 608
999 -> 609
999 -> 610
999 -> 611
999 -> 612
999 -> 613
999 -> 614
999 -> 615
999 -> 616
999 -> 617
999 -> 618
999 -> 619
999 -> 620
999 -> 621
999 -> 622
999 -> 623
999 -> 624
999 -> 625
999 -> 626
999 -> 627
999 -> 628
999 -> 629
999 -> 630
999 -> 631
999 -> 632
999 -> 633
999 -> 634
999 -> 635
999 -> 636
999 -> 637
999 -> 638
999 -> 639
999 -> 640
999 -> 641
999 -> 642
999 -> 643
999 -> 644
999 -> 645
999 -> 646
999 -> 647
999 -> 648
999 -> 649
999 -> 650
999 -> 651
999 -> 652
999 -> 653
999 -> 654
999 -> 655
999 -> 656
999 -> 657
999 -> 658
999 -> 659
999 -> 660
999 -> 661
999 -> 662
999 -> 663
999 -> 664
999 -> 665
999 -> 666
999 -> 667
999 -> 668
999 -> 669
999 -> 670
999 -> 671
999 -> 672
999 -> 673
999 -> 674
999 -> 675
999 -> 676
999 -> 677
999 -> 678
999 -> 679
999 -> 680
999 -> 681
999 -> 682
999 -> 683
999 -> 684
999 -> 685
999 -> 686
999 -> 687
999 -> 688
999 -> 689
999 -> 690
999 -> 691
999 -> 692
999 -> 693
999 -> 694
999 -> 695
999 -> 696
999 -> 697
999 -> 698
999 -> 699
999 -> 700
999 -> 701
999 -> 702
999 -> 703
999 -> 704
999 -> 705
999 -> 706
999 -> 707
999 -> 708
999 -> 709
999 -> 710
999 -> 711
999 -> 712
999 -> 713
999 -> 714
999 -> 715
999 -> 716
999 -> 717
999 -> 718
999 -> 719
999 -> 720
999 -> 721
999 -> 722
999 -> 723
999 -> 724
999 -> 725
999 -> 726
999 -> 727
999 -> 728
999 -> 729
999 -> 730
999 -> 731
999 -> 732
999 -> 733
999 -> 734
999 -> 735
999 -> 736
999 -> 737
999 -> 738
999 -> 739
999 -> 740
999 -> 741
999 -> 742
999 -> 743
999 -> 744
999 -> 745
999 -> 746
999 -> 747
999 -> 748
999 -> 749
999 -> 750
999 -> 751
999 -> 752
999 -> 753
999 -> 754
999 -> 755
999 -> 756
999 -> 757
999 -> 758
999 -> 759
999 -> 760
999 -> 761
999 -> 762
999 -> 763
999 -> 764
999 -> 765
999 -> 766
999 -> 767
999 -> 768
999 -> 769
999 -> 770
999 -> 771
999 -> 772
999 -> 773
999 -> 774
999 -> 775
999 -> 776
999 -> 777
999 -> 778
999 -> 779
999 -> 780
999 -> 781
999 -> 782
999 -> 783
999 -> 784
999 -> 785
999 -> 786
2621
